<?xml version="1.0" encoding="UTF-8"?>
<!-- Generated by org.testng.reporters.JUnitReportReporter -->
<testsuite skipped="0" hostname="siddhantpanda" name="tests.BookingCancelTest" tests="1" failures="0" timestamp="04 Jul 2021 21:40:22 GMT" time="15.157" errors="0">
  <testcase name="careers" time="15.157" classname="tests.BookingCancelTest"/>
</testsuite> <!-- tests.BookingCancelTest -->
