<?xml version="1.0" encoding="UTF-8"?>
<!-- Generated by org.testng.reporters.JUnitReportReporter -->
<testsuite skipped="0" hostname="siddhantpanda" name="tests.busOperatorTest" tests="1" failures="0" timestamp="01 Jul 2021 15:17:48 GMT" time="38.839" errors="0">
  <testcase name="all_bus_operators" time="38.839" classname="tests.busOperatorTest"/>
</testsuite> <!-- tests.busOperatorTest -->
