<?xml version="1.0" encoding="UTF-8"?>
<!-- Generated by org.testng.reporters.JUnitReportReporter -->
<testsuite skipped="0" hostname="siddhantpanda" name="tests.sectionInfoTest" tests="7" failures="0" timestamp="02 Jul 2021 17:55:10 GMT" time="195.462" errors="0">
  <testcase name="agentRegistration" time="47.552" classname="tests.sectionInfoTest"/>
  <testcase name="insuranceSection" time="18.385" classname="tests.sectionInfoTest"/>
  <testcase name="privacyPolicysection" time="15.127" classname="tests.sectionInfoTest"/>
  <testcase name="userAgreementSection" time="28.511" classname="tests.sectionInfoTest"/>
  <testcase name="faqsection" time="35.177" classname="tests.sectionInfoTest"/>
  <testcase name="termAndCondition" time="13.309" classname="tests.sectionInfoTest"/>
  <testcase name="blogSection" time="37.401" classname="tests.sectionInfoTest"/>
</testsuite> <!-- tests.sectionInfoTest -->
