<?xml version="1.0" encoding="UTF-8"?>
<!-- Generated by org.testng.reporters.JUnitReportReporter -->
<testsuite skipped="0" hostname="siddhantpanda" name="tests.contactTest" tests="1" failures="0" timestamp="04 Jul 2021 05:48:01 GMT" time="26.681" errors="0">
  <testcase name="ContactRedBus" time="26.681" classname="tests.contactTest"/>
</testsuite> <!-- tests.contactTest -->
