<?xml version="1.0" encoding="UTF-8"?>
<!-- Generated by org.testng.reporters.JUnitReportReporter -->
<testsuite skipped="0" hostname="siddhantpanda" name="tests.changeTravelDateTest" tests="1" failures="0" timestamp="02 Jul 2021 15:07:45 GMT" time="30.813" errors="0">
  <testcase name="TravelDate" time="30.813" classname="tests.changeTravelDateTest"/>
</testsuite> <!-- tests.changeTravelDateTest -->
