<?xml version="1.0" encoding="UTF-8"?>
<!-- Generated by org.testng.reporters.JUnitReportReporter -->
<testsuite skipped="0" hostname="siddhantpanda" name="tests.mobileAppLinkTest" tests="2" failures="0" timestamp="04 Jul 2021 12:19:56 GMT" time="51.077" errors="0">
  <testcase name="ValidMobileAppLink" time="27.061" classname="tests.mobileAppLinkTest"/>
  <testcase name="InvalidMobileAppLink" time="24.016" classname="tests.mobileAppLinkTest"/>
</testsuite> <!-- tests.mobileAppLinkTest -->
