<?xml version="1.0" encoding="UTF-8"?>
<!-- Generated by org.testng.reporters.JUnitReportReporter -->
<testsuite skipped="0" hostname="siddhantpanda" name="tests.rpoolTest" tests="2" failures="0" timestamp="04 Jul 2021 06:24:48 GMT" time="88.098" errors="0">
  <testcase name="rpoolandriod" time="44.732" classname="tests.rpoolTest"/>
  <testcase name="rpoolios" time="43.366" classname="tests.rpoolTest"/>
</testsuite> <!-- tests.rpoolTest -->
