<?xml version="1.0" encoding="UTF-8"?>
<!-- Generated by org.testng.reporters.JUnitReportReporter -->
<testsuite skipped="0" hostname="siddhantpanda" name="tests.offerTest" tests="1" failures="0" timestamp="02 Jul 2021 17:55:10 GMT" time="33.930" errors="0">
  <testcase name="offers" time="33.930" classname="tests.offerTest"/>
</testsuite> <!-- tests.offerTest -->
