<?xml version="1.0" encoding="UTF-8"?>
<!-- Generated by org.testng.reporters.JUnitReportReporter -->
<testsuite skipped="0" hostname="siddhantpanda" name="tests.sectionInfoTest" tests="7" failures="0" timestamp="01 Jul 2021 18:42:26 GMT" time="125.058" errors="0">
  <testcase name="userAgreementSection" time="28.658" classname="tests.sectionInfoTest"/>
  <testcase name="blogSection" time="23.264" classname="tests.sectionInfoTest"/>
  <testcase name="faqsection" time="8.514" classname="tests.sectionInfoTest"/>
  <testcase name="privacyPolicysection" time="8.300" classname="tests.sectionInfoTest"/>
  <testcase name="termAndCondition" time="9.363" classname="tests.sectionInfoTest"/>
  <testcase name="agentRegistration" time="38.373" classname="tests.sectionInfoTest"/>
  <testcase name="insuranceSection" time="8.586" classname="tests.sectionInfoTest"/>
</testsuite> <!-- tests.sectionInfoTest -->
