<?xml version="1.0" encoding="UTF-8"?>
<!-- Generated by org.testng.reporters.JUnitReportReporter -->
<testsuite skipped="0" hostname="siddhantpanda" name="tests.modifySearchBusTest" tests="1" failures="0" timestamp="04 Jul 2021 13:23:04 GMT" time="61.187" errors="0">
  <testcase name="careers" time="61.187" classname="tests.modifySearchBusTest"/>
</testsuite> <!-- tests.modifySearchBusTest -->
