<?xml version="1.0" encoding="UTF-8"?>
<!-- Generated by org.testng.reporters.JUnitReportReporter -->
<testsuite skipped="0" hostname="siddhantpanda" name="tests.careerTest" tests="1" failures="0" timestamp="28 Jun 2021 20:45:17 GMT" time="17.945" errors="0">
  <testcase name="careers" time="17.945" classname="tests.careerTest"/>
</testsuite> <!-- tests.careerTest -->
