<?xml version="1.0" encoding="UTF-8"?>
<!-- Generated by org.testng.reporters.JUnitReportReporter -->
<testsuite skipped="0" hostname="siddhantpanda" name="tests.busHireLocalTest" tests="1" failures="0" timestamp="04 Jul 2021 19:55:11 GMT" time="31.711" errors="0">
  <testcase name="all_bus_operators" time="31.711" classname="tests.busHireLocalTest"/>
</testsuite> <!-- tests.busHireLocalTest -->
