<?xml version="1.0" encoding="UTF-8"?>
<!-- Generated by org.testng.reporters.JUnitReportReporter -->
<testsuite skipped="1" hostname="siddhantpanda" name="tests.helpTest" tests="1" failures="0" timestamp="04 Jul 2021 05:30:56 GMT" time="30.550" errors="0">
  <testcase name="careers" time="30.550" classname="tests.helpTest">
    <skipped/>
  </testcase> <!-- careers -->
</testsuite> <!-- tests.helpTest -->
