<?xml version="1.0" encoding="UTF-8"?>
<!-- Generated by org.testng.reporters.JUnitReportReporter -->
<testsuite skipped="0" hostname="siddhantpanda" name="tests.sectionInfoTest" tests="7" failures="0" timestamp="04 Jul 2021 12:37:24 GMT" time="225.520" errors="0">
  <testcase name="privacyPolicysection" time="12.941" classname="tests.sectionInfoTest"/>
  <testcase name="agentRegistration" time="55.040" classname="tests.sectionInfoTest"/>
  <testcase name="faqsection" time="32.907" classname="tests.sectionInfoTest"/>
  <testcase name="insuranceSection" time="45.471" classname="tests.sectionInfoTest"/>
  <testcase name="termAndCondition" time="12.183" classname="tests.sectionInfoTest"/>
  <testcase name="userAgreementSection" time="41.717" classname="tests.sectionInfoTest"/>
  <testcase name="blogSection" time="25.261" classname="tests.sectionInfoTest"/>
</testsuite> <!-- tests.sectionInfoTest -->
