<?xml version="1.0" encoding="UTF-8"?>
<!-- Generated by org.testng.reporters.JUnitReportReporter -->
<testsuite skipped="0" hostname="siddhantpanda" name="tests.partnerWebsiteTest" tests="2" failures="0" timestamp="04 Jul 2021 05:21:09 GMT" time="26.975" errors="0">
  <testcase name="partnergoibibosite" time="16.921" classname="tests.partnerWebsiteTest"/>
  <testcase name="partnerWebsitesmakemytrip" time="10.054" classname="tests.partnerWebsiteTest"/>
</testsuite> <!-- tests.partnerWebsiteTest -->
