<?xml version="1.0" encoding="UTF-8"?>
<!-- Generated by org.testng.reporters.JUnitReportReporter -->
<testsuite skipped="0" hostname="siddhantpanda" name="tests.SearchBustest" tests="1" failures="0" timestamp="30 Jun 2021 06:59:04 GMT" time="39.558" errors="0">
  <testcase name="searchBus" time="39.558" classname="tests.SearchBustest"/>
</testsuite> <!-- tests.SearchBustest -->
