<?xml version="1.0" encoding="UTF-8"?>
<!-- Generated by org.testng.reporters.JUnitReportReporter -->
<testsuite skipped="0" hostname="siddhantpanda" name="tests.signinTest" tests="2" failures="0" timestamp="04 Jul 2021 12:02:13 GMT" time="47.490" errors="0">
  <testcase name="signinInvalid" time="12.181" classname="tests.signinTest"/>
  <testcase name="signinValid" time="35.309" classname="tests.signinTest"/>
</testsuite> <!-- tests.signinTest -->
