<?xml version="1.0" encoding="UTF-8"?>
<!-- Generated by org.testng.reporters.JUnitReportReporter -->
<testsuite skipped="0" hostname="siddhantpanda" name="tests.busHireLocationTest" tests="1" failures="0" timestamp="03 Jul 2021 18:25:07 GMT" time="50.776" errors="0">
  <testcase name="all_bus_operators" time="50.776" classname="tests.busHireLocationTest"/>
</testsuite> <!-- tests.busHireLocationTest -->
