<?xml version="1.0" encoding="UTF-8"?>
<!-- Generated by org.testng.reporters.JUnitReportReporter -->
<testsuite skipped="0" hostname="siddhantpanda" name="tests.modifySearchBusTest" tests="1" failures="0" timestamp="02 Jul 2021 05:25:17 GMT" time="65.948" errors="0">
  <testcase name="careers" time="65.948" classname="tests.modifySearchBusTest"/>
</testsuite> <!-- tests.modifySearchBusTest -->
