<?xml version="1.0" encoding="UTF-8"?>
<!-- Generated by org.testng.reporters.JUnitReportReporter -->
<testsuite skipped="0" hostname="siddhantpanda" name="tests.offerTest" tests="1" failures="0" timestamp="28 Jun 2021 21:01:23 GMT" time="20.601" errors="0">
  <testcase name="offers" time="20.601" classname="tests.offerTest"/>
</testsuite> <!-- tests.offerTest -->
