<?xml version="1.0" encoding="UTF-8"?>
<!-- Generated by org.testng.reporters.JUnitReportReporter -->
<testsuite skipped="0" hostname="siddhantpanda" name="tests.careerTest" tests="1" failures="0" timestamp="05 Jul 2021 07:56:38 GMT" time="27.457" errors="0">
  <testcase name="careers" time="27.457" classname="tests.careerTest"/>
</testsuite> <!-- tests.careerTest -->
