<?xml version="1.0" encoding="UTF-8"?>
<!-- Generated by org.testng.reporters.JUnitReportReporter -->
<testsuite skipped="0" hostname="siddhantpanda" name="tests.contactTest" tests="1" failures="0" timestamp="04 Jul 2021 20:08:20 GMT" time="19.050" errors="0">
  <testcase name="ContactRedBus" time="19.050" classname="tests.contactTest"/>
</testsuite> <!-- tests.contactTest -->
