<?xml version="1.0" encoding="UTF-8"?>
<!-- Generated by org.testng.reporters.JUnitReportReporter -->
<testsuite skipped="0" hostname="siddhantpanda" name="tests.BookingchangeTravelDateTest" tests="1" failures="0" timestamp="04 Jul 2021 19:53:43 GMT" time="12.583" errors="0">
  <testcase name="TravelDate" time="12.583" classname="tests.BookingchangeTravelDateTest"/>
</testsuite> <!-- tests.BookingchangeTravelDateTest -->
