<?xml version="1.0" encoding="UTF-8"?>
<!-- Generated by org.testng.reporters.JUnitReportReporter -->
<testsuite skipped="0" hostname="siddhantpanda" name="tests.helpTest" tests="1" failures="0" timestamp="30 Jun 2021 05:57:08 GMT" time="28.944" errors="0">
  <testcase name="careers" time="28.944" classname="tests.helpTest"/>
</testsuite> <!-- tests.helpTest -->
