<?xml version="1.0" encoding="UTF-8"?>
<!-- Generated by org.testng.reporters.JUnitReportReporter -->
<testsuite skipped="0" hostname="siddhantpanda" name="tests.careerTest" tests="1" failures="0" timestamp="04 Jul 2021 05:25:06 GMT" time="10.393" errors="0">
  <testcase name="careers" time="10.393" classname="tests.careerTest"/>
</testsuite> <!-- tests.careerTest -->
