<?xml version="1.0" encoding="UTF-8"?>
<!-- Generated by org.testng.reporters.JUnitReportReporter -->
<testsuite skipped="7" hostname="siddhantpanda" name="tests.sectionInfoTest" tests="8" failures="0" timestamp="05 Jul 2021 07:01:35 GMT" time="0.001" errors="1">
  <testcase name="insuranceSection" time="0.000" classname="tests.sectionInfoTest">
    <skipped/>
  </testcase> <!-- insuranceSection -->
  <testcase name="agentRegistration" time="0.000" classname="tests.sectionInfoTest">
    <skipped/>
  </testcase> <!-- agentRegistration -->
  <testcase name="blogSection" time="0.000" classname="tests.sectionInfoTest">
    <skipped/>
  </testcase> <!-- blogSection -->
  <testcase name="termAndCondition" time="0.000" classname="tests.sectionInfoTest">
    <skipped/>
  </testcase> <!-- termAndCondition -->
  <testcase name="userAgreementSection" time="0.000" classname="tests.sectionInfoTest">
    <skipped/>
  </testcase> <!-- userAgreementSection -->
  <testcase name="faqsection" time="0.000" classname="tests.sectionInfoTest">
    <skipped/>
  </testcase> <!-- faqsection -->
  <testcase name="privacyPolicysection" time="0.000" classname="tests.sectionInfoTest">
    <skipped/>
  </testcase> <!-- privacyPolicysection -->
  <testcase name="initWebDriver" time="0.001" classname="tests.sectionInfoTest">
    <error type="java.lang.NullPointerException">
      <![CDATA[java.lang.NullPointerException
at util.webDriver.intializeWebdriver(webDriver.java:78)
at tests.BaseTest.initWebDriver(BaseTest.java:112)
at sun.reflect.NativeMethodAccessorImpl.invoke0(Native Method)
at sun.reflect.NativeMethodAccessorImpl.invoke(NativeMethodAccessorImpl.java:62)
at sun.reflect.DelegatingMethodAccessorImpl.invoke(DelegatingMethodAccessorImpl.java:43)
at java.lang.reflect.Method.invoke(Method.java:498)
at org.testng.internal.MethodInvocationHelper.invokeMethod(MethodInvocationHelper.java:124)
at org.testng.internal.MethodInvocationHelper.invokeMethodConsideringTimeout(MethodInvocationHelper.java:59)
at org.testng.internal.Invoker.invokeConfigurationMethod(Invoker.java:458)
at org.testng.internal.Invoker.invokeConfigurations(Invoker.java:222)
at org.testng.internal.Invoker.invokeMethod(Invoker.java:523)
at org.testng.internal.Invoker.invokeTestMethod(Invoker.java:719)
at org.testng.internal.Invoker.invokeTestMethods(Invoker.java:989)
at org.testng.internal.TestMethodWorker.invokeTestMethods(TestMethodWorker.java:125)
at org.testng.internal.TestMethodWorker.run(TestMethodWorker.java:109)
at org.testng.TestRunner.privateRun(TestRunner.java:648)
at org.testng.TestRunner.run(TestRunner.java:505)
at org.testng.SuiteRunner.runTest(SuiteRunner.java:455)
at org.testng.SuiteRunner.runSequentially(SuiteRunner.java:450)
at org.testng.SuiteRunner.privateRun(SuiteRunner.java:415)
at org.testng.SuiteRunner.run(SuiteRunner.java:364)
at org.testng.SuiteRunnerWorker.runSuite(SuiteRunnerWorker.java:52)
at org.testng.SuiteRunnerWorker.run(SuiteRunnerWorker.java:84)
at org.testng.TestNG.runSuitesSequentially(TestNG.java:1208)
at org.testng.TestNG.runSuitesLocally(TestNG.java:1137)
at org.testng.TestNG.runSuites(TestNG.java:1049)
at org.testng.TestNG.run(TestNG.java:1017)
at org.testng.remote.AbstractRemoteTestNG.run(AbstractRemoteTestNG.java:115)
at org.testng.remote.RemoteTestNG.initAndRun(RemoteTestNG.java:251)
at org.testng.remote.RemoteTestNG.main(RemoteTestNG.java:77)
]]>
    </error>
  </testcase> <!-- initWebDriver -->
</testsuite> <!-- tests.sectionInfoTest -->
