<?xml version="1.0" encoding="UTF-8"?>
<!-- Generated by org.testng.reporters.JUnitReportReporter -->
<testsuite skipped="0" hostname="siddhantpanda" name="tests.busOperatorTest" tests="1" failures="0" timestamp="04 Jul 2021 05:02:27 GMT" time="36.964" errors="0">
  <testcase name="all_bus_operators" time="36.964" classname="tests.busOperatorTest"/>
</testsuite> <!-- tests.busOperatorTest -->
