<?xml version="1.0" encoding="UTF-8"?>
<!-- Generated by org.testng.reporters.JUnitReportReporter -->
<testsuite skipped="0" hostname="siddhantpanda" name="tests.busOperatorTest" tests="1" failures="0" timestamp="02 Jul 2021 17:55:10 GMT" time="36.977" errors="0">
  <testcase name="all_bus_operators" time="36.977" classname="tests.busOperatorTest"/>
</testsuite> <!-- tests.busOperatorTest -->
