<?xml version="1.0" encoding="UTF-8"?>
<!-- Generated by org.testng.reporters.JUnitReportReporter -->
<testsuite skipped="0" hostname="siddhantpanda" name="tests.contactTest" tests="1" failures="0" timestamp="02 Jul 2021 17:55:10 GMT" time="37.981" errors="0">
  <testcase name="ContactRedBus" time="37.981" classname="tests.contactTest"/>
</testsuite> <!-- tests.contactTest -->
