<?xml version="1.0" encoding="UTF-8"?>
<!-- Generated by org.testng.reporters.JUnitReportReporter -->
<testsuite skipped="0" hostname="siddhantpanda" name="tests.offerTest" tests="1" failures="0" timestamp="04 Jul 2021 05:42:39 GMT" time="28.987" errors="0">
  <testcase name="offers" time="28.987" classname="tests.offerTest"/>
</testsuite> <!-- tests.offerTest -->
