<?xml version="1.0" encoding="UTF-8"?>
<!-- Generated by org.testng.reporters.JUnitReportReporter -->
<testsuite skipped="0" hostname="siddhantpanda" name="tests.aboutusTest" tests="1" failures="0" timestamp="01 Jul 2021 11:02:32 GMT" time="9.714" errors="0">
  <testcase name="validAboutUs" time="9.714" classname="tests.aboutusTest"/>
</testsuite> <!-- tests.aboutusTest -->
