<?xml version="1.0" encoding="UTF-8"?>
<!-- Generated by org.testng.reporters.JUnitReportReporter -->
<testsuite skipped="0" hostname="siddhantpanda" name="tests.bookingShowTicketTest" tests="1" failures="0" timestamp="04 Jul 2021 19:54:15 GMT" time="15.233" errors="0">
  <testcase name="ShowTicket" time="15.233" classname="tests.bookingShowTicketTest"/>
</testsuite> <!-- tests.bookingShowTicketTest -->
