<?xml version="1.0" encoding="UTF-8"?>
<!-- Generated by org.testng.reporters.JUnitReportReporter -->
<testsuite skipped="0" hostname="siddhantpanda" name="tests.globalSitesBookingTest" tests="5" failures="0" timestamp="04 Jul 2021 20:46:12 GMT" time="104.160" errors="0">
  <testcase name="open_singapore_Booking" time="20.795" classname="tests.globalSitesBookingTest"/>
  <testcase name="open_colombia_Booking" time="21.313" classname="tests.globalSitesBookingTest"/>
  <testcase name="open_peru_Booking" time="20.735" classname="tests.globalSitesBookingTest"/>
  <testcase name="open_indonesia_Booking" time="20.822" classname="tests.globalSitesBookingTest"/>
  <testcase name="open_Malaysia_Booking" time="20.495" classname="tests.globalSitesBookingTest"/>
</testsuite> <!-- tests.globalSitesBookingTest -->
