<?xml version="1.0" encoding="UTF-8"?>
<!-- Generated by org.testng.reporters.JUnitReportReporter -->
<testsuite skipped="0" hostname="siddhantpanda" name="tests.careerTest" tests="1" failures="0" timestamp="01 Jul 2021 17:32:03 GMT" time="25.844" errors="0">
  <testcase name="careers" time="25.844" classname="tests.careerTest"/>
</testsuite> <!-- tests.careerTest -->
