<?xml version="1.0" encoding="UTF-8"?>
<!-- Generated by org.testng.reporters.JUnitReportReporter -->
<testsuite skipped="0" hostname="siddhantpanda" name="tests.busOperatorTest" tests="1" failures="0" timestamp="02 Jul 2021 10:27:05 GMT" time="27.029" errors="0">
  <testcase name="all_bus_operators" time="27.029" classname="tests.busOperatorTest"/>
</testsuite> <!-- tests.busOperatorTest -->
