<?xml version="1.0" encoding="UTF-8"?>
<!-- Generated by org.testng.reporters.JUnitReportReporter -->
<testsuite skipped="0" hostname="siddhantpanda" name="tests.contactTest" tests="1" failures="0" timestamp="01 Jul 2021 17:32:03 GMT" time="41.916" errors="0">
  <testcase name="ContactRedBus" time="41.916" classname="tests.contactTest"/>
</testsuite> <!-- tests.contactTest -->
