<?xml version="1.0" encoding="UTF-8"?>
<!-- Generated by org.testng.reporters.JUnitReportReporter -->
<testsuite skipped="0" hostname="siddhantpanda" name="tests.sectionInfoTest" tests="7" failures="0" timestamp="04 Jul 2021 16:45:31 GMT" time="160.279" errors="0">
  <testcase name="termAndCondition" time="28.476" classname="tests.sectionInfoTest"/>
  <testcase name="userAgreementSection" time="28.932" classname="tests.sectionInfoTest"/>
  <testcase name="faqsection" time="9.162" classname="tests.sectionInfoTest"/>
  <testcase name="agentRegistration" time="30.588" classname="tests.sectionInfoTest"/>
  <testcase name="blogSection" time="24.735" classname="tests.sectionInfoTest"/>
  <testcase name="insuranceSection" time="9.467" classname="tests.sectionInfoTest"/>
  <testcase name="privacyPolicysection" time="28.919" classname="tests.sectionInfoTest"/>
</testsuite> <!-- tests.sectionInfoTest -->
