<?xml version="1.0" encoding="UTF-8"?>
<!-- Generated by org.testng.reporters.JUnitReportReporter -->
<testsuite skipped="0" hostname="siddhantpanda" name="tests.helpTest" tests="1" failures="0" timestamp="02 Jul 2021 10:27:05 GMT" time="26.142" errors="0">
  <testcase name="careers" time="26.142" classname="tests.helpTest"/>
</testsuite> <!-- tests.helpTest -->
