<?xml version="1.0" encoding="UTF-8"?>
<!-- Generated by org.testng.reporters.JUnitReportReporter -->
<testsuite skipped="0" hostname="siddhantpanda" name="tests.offerTest" tests="1" failures="0" timestamp="01 Jul 2021 17:32:03 GMT" time="23.957" errors="0">
  <testcase name="offers" time="23.957" classname="tests.offerTest"/>
</testsuite> <!-- tests.offerTest -->
