<?xml version="1.0" encoding="UTF-8"?>
<!-- Generated by org.testng.reporters.JUnitReportReporter -->
<testsuite skipped="0" hostname="siddhantpanda" name="tests.bookingShowTicketTest" tests="1" failures="0" timestamp="05 Jul 2021 09:38:48 GMT" time="34.705" errors="0">
  <testcase name="ShowTicket" time="34.705" classname="tests.bookingShowTicketTest"/>
</testsuite> <!-- tests.bookingShowTicketTest -->
