<?xml version="1.0" encoding="UTF-8"?>
<!-- Generated by org.testng.reporters.JUnitReportReporter -->
<testsuite skipped="0" hostname="siddhantpanda" name="tests.offerTest" tests="1" failures="0" timestamp="04 Jul 2021 16:45:31 GMT" time="15.402" errors="0">
  <testcase name="offers" time="15.402" classname="tests.offerTest"/>
</testsuite> <!-- tests.offerTest -->
