<?xml version="1.0" encoding="UTF-8"?>
<!-- Generated by org.testng.reporters.JUnitReportReporter -->
<testsuite skipped="0" hostname="siddhantpanda" name="tests.signinTest" tests="2" failures="0" timestamp="04 Jul 2021 16:45:31 GMT" time="46.159" errors="0">
  <testcase name="signinValid" time="16.686" classname="tests.signinTest"/>
  <testcase name="signinInvalid" time="29.473" classname="tests.signinTest"/>
</testsuite> <!-- tests.signinTest -->
