<?xml version="1.0" encoding="UTF-8"?>
<!-- Generated by org.testng.reporters.JUnitReportReporter -->
<testsuite skipped="0" hostname="siddhantpanda" name="tests.modifySearchBusTest" tests="1" failures="0" timestamp="04 Jul 2021 16:45:31 GMT" time="49.328" errors="0">
  <testcase name="careers" time="49.328" classname="tests.modifySearchBusTest"/>
</testsuite> <!-- tests.modifySearchBusTest -->
