<?xml version="1.0" encoding="UTF-8"?>
<!-- Generated by org.testng.reporters.JUnitReportReporter -->
<testsuite skipped="0" hostname="siddhantpanda" name="tests.busOperatorTest" tests="1" failures="0" timestamp="04 Jul 2021 16:45:31 GMT" time="32.931" errors="0">
  <testcase name="allBusOperators" time="32.931" classname="tests.busOperatorTest"/>
</testsuite> <!-- tests.busOperatorTest -->
