<?xml version="1.0" encoding="UTF-8"?>
<!-- Generated by org.testng.reporters.JUnitReportReporter -->
<testsuite skipped="0" hostname="siddhantpanda" name="tests.BookingCancelTest" tests="1" failures="0" timestamp="05 Jul 2021 09:38:49 GMT" time="16.637" errors="0">
  <testcase name="careers" time="16.637" classname="tests.BookingCancelTest"/>
</testsuite> <!-- tests.BookingCancelTest -->
