<?xml version="1.0" encoding="UTF-8"?>
<!-- Generated by org.testng.reporters.JUnitReportReporter -->
<testsuite skipped="0" hostname="siddhantpanda" name="tests.careerTest" tests="1" failures="0" timestamp="04 Jul 2021 16:45:31 GMT" time="8.789" errors="0">
  <testcase name="careers" time="8.789" classname="tests.careerTest"/>
</testsuite> <!-- tests.careerTest -->
