<?xml version="1.0" encoding="UTF-8"?>
<!-- Generated by org.testng.reporters.JUnitReportReporter -->
<testsuite skipped="0" hostname="siddhantpanda" name="tests.sectionInfoTest" tests="7" failures="0" timestamp="02 Jul 2021 10:27:05 GMT" time="97.779" errors="0">
  <testcase name="blogSection" time="9.722" classname="tests.sectionInfoTest"/>
  <testcase name="userAgreementSection" time="27.168" classname="tests.sectionInfoTest"/>
  <testcase name="insuranceSection" time="6.874" classname="tests.sectionInfoTest"/>
  <testcase name="privacyPolicysection" time="8.592" classname="tests.sectionInfoTest"/>
  <testcase name="agentRegistration" time="11.934" classname="tests.sectionInfoTest"/>
  <testcase name="faqsection" time="6.668" classname="tests.sectionInfoTest"/>
  <testcase name="termAndCondition" time="26.821" classname="tests.sectionInfoTest"/>
</testsuite> <!-- tests.sectionInfoTest -->
