<?xml version="1.0" encoding="UTF-8"?>
<!-- Generated by org.testng.reporters.JUnitReportReporter -->
<testsuite skipped="0" hostname="siddhantpanda" name="tests.BookingchangeTravelDateTest" tests="1" failures="0" timestamp="05 Jul 2021 09:38:49 GMT" time="33.016" errors="0">
  <testcase name="TravelDate" time="33.016" classname="tests.BookingchangeTravelDateTest"/>
</testsuite> <!-- tests.BookingchangeTravelDateTest -->
