<?xml version="1.0" encoding="UTF-8"?>
<!-- Generated by org.testng.reporters.JUnitReportReporter -->
<testsuite skipped="0" hostname="siddhantpanda" name="tests.helpTest" tests="1" failures="0" timestamp="01 Jul 2021 17:32:03 GMT" time="19.236" errors="0">
  <testcase name="careers" time="19.236" classname="tests.helpTest"/>
</testsuite> <!-- tests.helpTest -->
